<?xml version="1.0" encoding="UTF-8"?>
<testng-results ignored="0" total="1" passed="1" failed="0" skipped="0">
  <reporter-output>
  </reporter-output>
  <suite started-at="2025-05-07T20:05:45 IST" name="Surefire suite" finished-at="2025-05-07T20:05:48 IST" duration-ms="3090">
    <groups>
    </groups>
    <test started-at="2025-05-07T20:05:45 IST" name="Surefire test" finished-at="2025-05-07T20:05:48 IST" duration-ms="3090">
      <class name="MiniTest">
        <test-method signature="simpleTest()[pri:0, instance:MiniTest@551bdc27]" started-at="2025-05-07T20:05:45 IST" name="simpleTest" finished-at="2025-05-07T20:05:48 IST" duration-ms="3043" status="PASS">
          <reporter-output>
          </reporter-output>
        </test-method> <!-- simpleTest -->
      </class> <!-- MiniTest -->
    </test> <!-- Surefire test -->
  </suite> <!-- Surefire suite -->
</testng-results>
